0 verbose cli C:\Program Files\nodejs\node.exe C:\Program Files\nodejs\node_modules\npm\bin\npm-cli.js
1 info using npm@10.9.3
2 info using node@v22.20.0
3 silly config load:file:C:\Program Files\nodejs\node_modules\npm\npmrc
4 silly config load:file:C:\Users\USER\Desktop\PREY-LANG-COFFEE-POS-SYSTEM\frontend\.npmrc
5 silly config load:file:C:\Users\USER\.npmrc
6 silly config load:file:C:\Users\USER\Desktop\PREY-LANG-COFFEE-POS-SYSTEM\frontend\etc\npmrc
7 verbose title npm install
8 verbose argv "--prefix" "frontend" "install" "--cache" ".\\.npm-cache" "--no-audit" "--no-fund"
9 verbose logfile logs-max:10 dir:C:\Users\USER\Desktop\PREY-LANG-COFFEE-POS-SYSTEM\.npm-cache\_logs\2026-03-31T12_11_54_056Z-
10 verbose logfile C:\Users\USER\Desktop\PREY-LANG-COFFEE-POS-SYSTEM\.npm-cache\_logs\2026-03-31T12_11_54_056Z-debug-0.log
11 silly logfile done cleaning log files
12 silly packumentCache heap:4345298944 maxSize:1086324736 maxEntrySize:543162368
13 silly idealTree buildDeps
14 silly fetch manifest html2canvas@^1.4.1
15 silly packumentCache full:https://registry.npmjs.org/html2canvas cache-miss
16 http fetch GET 200 https://registry.npmjs.org/html2canvas 477ms (cache miss)
17 silly packumentCache full:https://registry.npmjs.org/html2canvas set size:undefined disposed:false
18 silly fetch manifest jspdf@^3.0.3
19 silly packumentCache full:https://registry.npmjs.org/jspdf cache-miss
20 http fetch GET 200 https://registry.npmjs.org/jspdf 66ms (cache miss)
21 silly packumentCache full:https://registry.npmjs.org/jspdf set size:undefined disposed:false
22 silly placeDep ROOT html2canvas@1.4.1 OK for: coffee-admin-dashboard@0.0.0 want: ^1.4.1
23 silly placeDep ROOT jspdf@3.0.4 OK for: coffee-admin-dashboard@0.0.0 want: ^3.0.3
24 silly placeDep ROOT prey-lang-coffee-pos-system@1.0.0 OK for: coffee-admin-dashboard@0.0.0 want: file:..
25 silly fetch manifest css-line-break@^2.1.0
26 silly packumentCache full:https://registry.npmjs.org/css-line-break cache-miss
27 silly fetch manifest text-segmentation@^1.0.3
28 silly packumentCache full:https://registry.npmjs.org/text-segmentation cache-miss
29 silly fetch manifest fflate@^0.8.1
30 silly packumentCache full:https://registry.npmjs.org/fflate cache-miss
31 silly fetch manifest fast-png@^6.2.0
32 silly packumentCache full:https://registry.npmjs.org/fast-png cache-miss
33 silly fetch manifest canvg@^3.0.11
34 silly packumentCache full:https://registry.npmjs.org/canvg cache-miss
35 silly fetch manifest core-js@^3.6.0
36 silly packumentCache full:https://registry.npmjs.org/core-js cache-miss
37 silly fetch manifest dompurify@^3.2.4
38 silly packumentCache full:https://registry.npmjs.org/dompurify cache-miss
39 http fetch GET 200 https://registry.npmjs.org/css-line-break 91ms (cache miss)
40 silly packumentCache full:https://registry.npmjs.org/css-line-break set size:undefined disposed:false
41 http fetch GET 200 https://registry.npmjs.org/text-segmentation 189ms (cache miss)
42 silly packumentCache full:https://registry.npmjs.org/text-segmentation set size:undefined disposed:false
43 http fetch GET 200 https://registry.npmjs.org/canvg 194ms (cache miss)
44 silly packumentCache full:https://registry.npmjs.org/canvg set size:undefined disposed:false
45 http fetch GET 200 https://registry.npmjs.org/fflate 238ms (cache miss)
46 silly packumentCache full:https://registry.npmjs.org/fflate set size:undefined disposed:false
47 http fetch GET 200 https://registry.npmjs.org/core-js 253ms (cache miss)
48 silly packumentCache full:https://registry.npmjs.org/core-js set size:undefined disposed:false
49 http fetch GET 200 https://registry.npmjs.org/dompurify 275ms (cache miss)
50 silly packumentCache full:https://registry.npmjs.org/dompurify set size:undefined disposed:false
51 http fetch GET 200 https://registry.npmjs.org/fast-png 499ms (cache miss)
52 silly packumentCache full:https://registry.npmjs.org/fast-png set size:undefined disposed:false
53 silly placeDep ROOT css-line-break@2.1.0 OK for: html2canvas@1.4.1 want: ^2.1.0
54 silly placeDep ROOT text-segmentation@1.0.3 OK for: html2canvas@1.4.1 want: ^1.0.3
55 silly fetch manifest utrie@^1.0.2
56 silly packumentCache full:https://registry.npmjs.org/utrie cache-miss
57 silly fetch manifest utrie@^1.0.2
58 silly packumentCache full:https://registry.npmjs.org/utrie cache-miss
59 http fetch GET 200 https://registry.npmjs.org/utrie 68ms (cache miss)
60 silly packumentCache full:https://registry.npmjs.org/utrie set size:undefined disposed:false
61 http fetch GET 200 https://registry.npmjs.org/utrie 68ms (cache miss)
62 silly packumentCache full:https://registry.npmjs.org/utrie set size:undefined disposed:false
63 silly placeDep ROOT utrie@1.0.2 OK for: css-line-break@2.1.0 want: ^1.0.2
64 silly fetch manifest base64-arraybuffer@^1.0.2
65 silly packumentCache full:https://registry.npmjs.org/base64-arraybuffer cache-miss
66 http fetch GET 200 https://registry.npmjs.org/base64-arraybuffer 63ms (cache miss)
67 silly packumentCache full:https://registry.npmjs.org/base64-arraybuffer set size:undefined disposed:false
68 silly placeDep ROOT canvg@3.0.11 OK for: jspdf@3.0.4 want: ^3.0.11
69 silly placeDep ROOT core-js@3.49.0 OK for: jspdf@3.0.4 want: ^3.6.0
70 silly placeDep ROOT dompurify@3.3.3 OK for: jspdf@3.0.4 want: ^3.2.4
71 silly placeDep ROOT fast-png@6.4.0 OK for: jspdf@3.0.4 want: ^6.2.0
72 silly placeDep ROOT fflate@0.8.2 OK for: jspdf@3.0.4 want: ^0.8.1
73 silly fetch manifest raf@^3.4.1
74 silly packumentCache full:https://registry.npmjs.org/raf cache-miss
75 silly fetch manifest core-js@^3.8.3
76 silly packumentCache full:https://registry.npmjs.org/core-js cache-miss
77 silly fetch manifest rgbcolor@^1.0.1
78 silly packumentCache full:https://registry.npmjs.org/rgbcolor cache-miss
79 silly fetch manifest @types/raf@^3.4.0
80 silly packumentCache full:https://registry.npmjs.org/@types%2fraf cache-miss
81 silly fetch manifest svg-pathdata@^6.0.3
82 silly packumentCache full:https://registry.npmjs.org/svg-pathdata cache-miss
83 silly fetch manifest stackblur-canvas@^2.0.0
84 silly packumentCache full:https://registry.npmjs.org/stackblur-canvas cache-miss
85 silly fetch manifest regenerator-runtime@^0.13.7
86 silly packumentCache full:https://registry.npmjs.org/regenerator-runtime cache-miss
87 silly fetch manifest @types/trusted-types@^2.0.7
88 silly packumentCache full:https://registry.npmjs.org/@types%2ftrusted-types cache-miss
89 silly fetch manifest pako@^2.1.0
90 silly packumentCache full:https://registry.npmjs.org/pako cache-miss
91 silly fetch manifest iobuffer@^5.3.2
92 silly packumentCache full:https://registry.npmjs.org/iobuffer cache-miss
93 silly fetch manifest @types/pako@^2.0.3
94 silly packumentCache full:https://registry.npmjs.org/@types%2fpako cache-miss
95 http cache https://registry.npmjs.org/core-js 30ms (cache hit)
96 silly packumentCache full:https://registry.npmjs.org/core-js set size:814557 disposed:false
97 http fetch GET 200 https://registry.npmjs.org/rgbcolor 59ms (cache miss)
98 silly packumentCache full:https://registry.npmjs.org/rgbcolor set size:undefined disposed:false
99 http fetch GET 200 https://registry.npmjs.org/raf 64ms (cache miss)
100 silly packumentCache full:https://registry.npmjs.org/raf set size:undefined disposed:false
101 http fetch GET 200 https://registry.npmjs.org/stackblur-canvas 84ms (cache miss)
102 silly packumentCache full:https://registry.npmjs.org/stackblur-canvas set size:undefined disposed:false
103 http fetch GET 200 https://registry.npmjs.org/regenerator-runtime 87ms (cache miss)
104 silly packumentCache full:https://registry.npmjs.org/regenerator-runtime set size:undefined disposed:false
105 http fetch GET 200 https://registry.npmjs.org/@types%2ftrusted-types 89ms (cache miss)
106 silly packumentCache full:https://registry.npmjs.org/@types%2ftrusted-types set size:undefined disposed:false
107 http fetch GET 200 https://registry.npmjs.org/svg-pathdata 99ms (cache miss)
108 silly packumentCache full:https://registry.npmjs.org/svg-pathdata set size:undefined disposed:false
109 http fetch GET 200 https://registry.npmjs.org/pako 139ms (cache miss)
110 silly packumentCache full:https://registry.npmjs.org/pako set size:undefined disposed:false
111 http fetch GET 200 https://registry.npmjs.org/@types%2fpako 171ms (cache miss)
112 silly packumentCache full:https://registry.npmjs.org/@types%2fpako set size:undefined disposed:false
113 http fetch GET 200 https://registry.npmjs.org/@types%2fraf 255ms (cache miss)
114 silly packumentCache full:https://registry.npmjs.org/@types%2fraf set size:undefined disposed:false
115 http fetch GET 200 https://registry.npmjs.org/iobuffer 308ms (cache miss)
116 silly packumentCache full:https://registry.npmjs.org/iobuffer set size:undefined disposed:false
117 silly placeDep ROOT @types/raf@3.4.3 OK for: canvg@3.0.11 want: ^3.4.0
118 silly placeDep ROOT raf@3.4.1 OK for: canvg@3.0.11 want: ^3.4.1
119 silly placeDep ROOT regenerator-runtime@0.13.11 OK for: canvg@3.0.11 want: ^0.13.7
120 silly placeDep ROOT rgbcolor@1.0.1 OK for: canvg@3.0.11 want: ^1.0.1
121 silly placeDep ROOT stackblur-canvas@2.7.0 OK for: canvg@3.0.11 want: ^2.0.0
122 silly placeDep ROOT svg-pathdata@6.0.3 OK for: canvg@3.0.11 want: ^6.0.3
123 silly fetch manifest performance-now@^2.1.0
124 silly packumentCache full:https://registry.npmjs.org/performance-now cache-miss
125 http fetch GET 200 https://registry.npmjs.org/performance-now 64ms (cache miss)
126 silly packumentCache full:https://registry.npmjs.org/performance-now set size:undefined disposed:false
127 silly placeDep ROOT @types/trusted-types@2.0.7 OK for: dompurify@3.3.3 want: ^2.0.7
128 silly placeDep ROOT @types/pako@2.0.4 OK for: fast-png@6.4.0 want: ^2.0.3
129 silly placeDep ROOT iobuffer@5.4.0 OK for: fast-png@6.4.0 want: ^5.3.2
130 silly placeDep ROOT pako@2.1.0 OK for: fast-png@6.4.0 want: ^2.1.0
131 silly placeDep ROOT performance-now@2.1.0 OK for: raf@3.4.1 want: ^2.1.0
132 silly placeDep ROOT base64-arraybuffer@1.0.2 OK for: utrie@1.0.2 want: ^1.0.2
133 silly reify moves {}
134 verbose reify failed optional dependency C:\Users\USER\Desktop\PREY-LANG-COFFEE-POS-SYSTEM\frontend\node_modules\fsevents
135 silly reify mark deleted [
135 silly reify   'C:\\Users\\USER\\Desktop\\PREY-LANG-COFFEE-POS-SYSTEM\\frontend\\node_modules\\fsevents'
135 silly reify ]
136 verbose reify failed optional dependency C:\Users\USER\Desktop\PREY-LANG-COFFEE-POS-SYSTEM\frontend\node_modules\@rollup\rollup-win32-ia32-msvc
137 silly reify mark deleted [
137 silly reify   'C:\\Users\\USER\\Desktop\\PREY-LANG-COFFEE-POS-SYSTEM\\frontend\\node_modules\\@rollup\\rollup-win32-ia32-msvc'
137 silly reify ]
138 verbose reify failed optional dependency C:\Users\USER\Desktop\PREY-LANG-COFFEE-POS-SYSTEM\frontend\node_modules\@rollup\rollup-win32-arm64-msvc
139 silly reify mark deleted [
139 silly reify   'C:\\Users\\USER\\Desktop\\PREY-LANG-COFFEE-POS-SYSTEM\\frontend\\node_modules\\@rollup\\rollup-win32-arm64-msvc'
139 silly reify ]
140 verbose reify failed optional dependency C:\Users\USER\Desktop\PREY-LANG-COFFEE-POS-SYSTEM\frontend\node_modules\@rollup\rollup-openharmony-arm64
141 silly reify mark deleted [
141 silly reify   'C:\\Users\\USER\\Desktop\\PREY-LANG-COFFEE-POS-SYSTEM\\frontend\\node_modules\\@rollup\\rollup-openharmony-arm64'
141 silly reify ]
142 verbose reify failed optional dependency C:\Users\USER\Desktop\PREY-LANG-COFFEE-POS-SYSTEM\frontend\node_modules\@rollup\rollup-openbsd-x64
143 silly reify mark deleted [
143 silly reify   'C:\\Users\\USER\\Desktop\\PREY-LANG-COFFEE-POS-SYSTEM\\frontend\\node_modules\\@rollup\\rollup-openbsd-x64'
143 silly reify ]
144 verbose reify failed optional dependency C:\Users\USER\Desktop\PREY-LANG-COFFEE-POS-SYSTEM\frontend\node_modules\@rollup\rollup-linux-x64-musl
145 silly reify mark deleted [
145 silly reify   'C:\\Users\\USER\\Desktop\\PREY-LANG-COFFEE-POS-SYSTEM\\frontend\\node_modules\\@rollup\\rollup-linux-x64-musl'
145 silly reify ]
146 verbose reify failed optional dependency C:\Users\USER\Desktop\PREY-LANG-COFFEE-POS-SYSTEM\frontend\node_modules\@rollup\rollup-linux-x64-gnu
147 silly reify mark deleted [
147 silly reify   'C:\\Users\\USER\\Desktop\\PREY-LANG-COFFEE-POS-SYSTEM\\frontend\\node_modules\\@rollup\\rollup-linux-x64-gnu'
147 silly reify ]
148 verbose reify failed optional dependency C:\Users\USER\Desktop\PREY-LANG-COFFEE-POS-SYSTEM\frontend\node_modules\@rollup\rollup-linux-s390x-gnu
149 silly reify mark deleted [
149 silly reify   'C:\\Users\\USER\\Desktop\\PREY-LANG-COFFEE-POS-SYSTEM\\frontend\\node_modules\\@rollup\\rollup-linux-s390x-gnu'
149 silly reify ]
150 verbose reify failed optional dependency C:\Users\USER\Desktop\PREY-LANG-COFFEE-POS-SYSTEM\frontend\node_modules\@rollup\rollup-linux-riscv64-musl
151 silly reify mark deleted [
151 silly reify   'C:\\Users\\USER\\Desktop\\PREY-LANG-COFFEE-POS-SYSTEM\\frontend\\node_modules\\@rollup\\rollup-linux-riscv64-musl'
151 silly reify ]
152 verbose reify failed optional dependency C:\Users\USER\Desktop\PREY-LANG-COFFEE-POS-SYSTEM\frontend\node_modules\@rollup\rollup-linux-riscv64-gnu
153 silly reify mark deleted [
153 silly reify   'C:\\Users\\USER\\Desktop\\PREY-LANG-COFFEE-POS-SYSTEM\\frontend\\node_modules\\@rollup\\rollup-linux-riscv64-gnu'
153 silly reify ]
154 verbose reify failed optional dependency C:\Users\USER\Desktop\PREY-LANG-COFFEE-POS-SYSTEM\frontend\node_modules\@rollup\rollup-linux-ppc64-musl
155 silly reify mark deleted [
155 silly reify   'C:\\Users\\USER\\Desktop\\PREY-LANG-COFFEE-POS-SYSTEM\\frontend\\node_modules\\@rollup\\rollup-linux-ppc64-musl'
155 silly reify ]
156 verbose reify failed optional dependency C:\Users\USER\Desktop\PREY-LANG-COFFEE-POS-SYSTEM\frontend\node_modules\@rollup\rollup-linux-ppc64-gnu
157 silly reify mark deleted [
157 silly reify   'C:\\Users\\USER\\Desktop\\PREY-LANG-COFFEE-POS-SYSTEM\\frontend\\node_modules\\@rollup\\rollup-linux-ppc64-gnu'
157 silly reify ]
158 verbose reify failed optional dependency C:\Users\USER\Desktop\PREY-LANG-COFFEE-POS-SYSTEM\frontend\node_modules\@rollup\rollup-linux-loong64-musl
159 silly reify mark deleted [
159 silly reify   'C:\\Users\\USER\\Desktop\\PREY-LANG-COFFEE-POS-SYSTEM\\frontend\\node_modules\\@rollup\\rollup-linux-loong64-musl'
159 silly reify ]
160 verbose reify failed optional dependency C:\Users\USER\Desktop\PREY-LANG-COFFEE-POS-SYSTEM\frontend\node_modules\@rollup\rollup-linux-loong64-gnu
161 silly reify mark deleted [
161 silly reify   'C:\\Users\\USER\\Desktop\\PREY-LANG-COFFEE-POS-SYSTEM\\frontend\\node_modules\\@rollup\\rollup-linux-loong64-gnu'
161 silly reify ]
162 verbose reify failed optional dependency C:\Users\USER\Desktop\PREY-LANG-COFFEE-POS-SYSTEM\frontend\node_modules\@rollup\rollup-linux-arm64-musl
163 silly reify mark deleted [
163 silly reify   'C:\\Users\\USER\\Desktop\\PREY-LANG-COFFEE-POS-SYSTEM\\frontend\\node_modules\\@rollup\\rollup-linux-arm64-musl'
163 silly reify ]
164 verbose reify failed optional dependency C:\Users\USER\Desktop\PREY-LANG-COFFEE-POS-SYSTEM\frontend\node_modules\@rollup\rollup-linux-arm64-gnu
165 silly reify mark deleted [
165 silly reify   'C:\\Users\\USER\\Desktop\\PREY-LANG-COFFEE-POS-SYSTEM\\frontend\\node_modules\\@rollup\\rollup-linux-arm64-gnu'
165 silly reify ]
166 verbose reify failed optional dependency C:\Users\USER\Desktop\PREY-LANG-COFFEE-POS-SYSTEM\frontend\node_modules\@rollup\rollup-linux-arm-musleabihf
167 silly reify mark deleted [
167 silly reify   'C:\\Users\\USER\\Desktop\\PREY-LANG-COFFEE-POS-SYSTEM\\frontend\\node_modules\\@rollup\\rollup-linux-arm-musleabihf'
167 silly reify ]
168 verbose reify failed optional dependency C:\Users\USER\Desktop\PREY-LANG-COFFEE-POS-SYSTEM\frontend\node_modules\@rollup\rollup-linux-arm-gnueabihf
169 silly reify mark deleted [
169 silly reify   'C:\\Users\\USER\\Desktop\\PREY-LANG-COFFEE-POS-SYSTEM\\frontend\\node_modules\\@rollup\\rollup-linux-arm-gnueabihf'
169 silly reify ]
170 verbose reify failed optional dependency C:\Users\USER\Desktop\PREY-LANG-COFFEE-POS-SYSTEM\frontend\node_modules\@rollup\rollup-freebsd-x64
171 silly reify mark deleted [
171 silly reify   'C:\\Users\\USER\\Desktop\\PREY-LANG-COFFEE-POS-SYSTEM\\frontend\\node_modules\\@rollup\\rollup-freebsd-x64'
171 silly reify ]
172 verbose reify failed optional dependency C:\Users\USER\Desktop\PREY-LANG-COFFEE-POS-SYSTEM\frontend\node_modules\@rollup\rollup-freebsd-arm64
173 silly reify mark deleted [
173 silly reify   'C:\\Users\\USER\\Desktop\\PREY-LANG-COFFEE-POS-SYSTEM\\frontend\\node_modules\\@rollup\\rollup-freebsd-arm64'
173 silly reify ]
174 verbose reify failed optional dependency C:\Users\USER\Desktop\PREY-LANG-COFFEE-POS-SYSTEM\frontend\node_modules\@rollup\rollup-darwin-x64
175 silly reify mark deleted [
175 silly reify   'C:\\Users\\USER\\Desktop\\PREY-LANG-COFFEE-POS-SYSTEM\\frontend\\node_modules\\@rollup\\rollup-darwin-x64'
175 silly reify ]
176 verbose reify failed optional dependency C:\Users\USER\Desktop\PREY-LANG-COFFEE-POS-SYSTEM\frontend\node_modules\@rollup\rollup-darwin-arm64
177 silly reify mark deleted [
177 silly reify   'C:\\Users\\USER\\Desktop\\PREY-LANG-COFFEE-POS-SYSTEM\\frontend\\node_modules\\@rollup\\rollup-darwin-arm64'
177 silly reify ]
178 verbose reify failed optional dependency C:\Users\USER\Desktop\PREY-LANG-COFFEE-POS-SYSTEM\frontend\node_modules\@rollup\rollup-android-arm64
179 silly reify mark deleted [
179 silly reify   'C:\\Users\\USER\\Desktop\\PREY-LANG-COFFEE-POS-SYSTEM\\frontend\\node_modules\\@rollup\\rollup-android-arm64'
179 silly reify ]
180 verbose reify failed optional dependency C:\Users\USER\Desktop\PREY-LANG-COFFEE-POS-SYSTEM\frontend\node_modules\@rollup\rollup-android-arm-eabi
181 silly reify mark deleted [
181 silly reify   'C:\\Users\\USER\\Desktop\\PREY-LANG-COFFEE-POS-SYSTEM\\frontend\\node_modules\\@rollup\\rollup-android-arm-eabi'
181 silly reify ]
182 verbose reify failed optional dependency C:\Users\USER\Desktop\PREY-LANG-COFFEE-POS-SYSTEM\frontend\node_modules\@esbuild\win32-ia32
183 silly reify mark deleted [
183 silly reify   'C:\\Users\\USER\\Desktop\\PREY-LANG-COFFEE-POS-SYSTEM\\frontend\\node_modules\\@esbuild\\win32-ia32'
183 silly reify ]
184 verbose reify failed optional dependency C:\Users\USER\Desktop\PREY-LANG-COFFEE-POS-SYSTEM\frontend\node_modules\@esbuild\win32-arm64
185 silly reify mark deleted [
185 silly reify   'C:\\Users\\USER\\Desktop\\PREY-LANG-COFFEE-POS-SYSTEM\\frontend\\node_modules\\@esbuild\\win32-arm64'
185 silly reify ]
186 verbose reify failed optional dependency C:\Users\USER\Desktop\PREY-LANG-COFFEE-POS-SYSTEM\frontend\node_modules\@esbuild\sunos-x64
187 silly reify mark deleted [
187 silly reify   'C:\\Users\\USER\\Desktop\\PREY-LANG-COFFEE-POS-SYSTEM\\frontend\\node_modules\\@esbuild\\sunos-x64'
187 silly reify ]
188 verbose reify failed optional dependency C:\Users\USER\Desktop\PREY-LANG-COFFEE-POS-SYSTEM\frontend\node_modules\@esbuild\openharmony-arm64
189 silly reify mark deleted [
189 silly reify   'C:\\Users\\USER\\Desktop\\PREY-LANG-COFFEE-POS-SYSTEM\\frontend\\node_modules\\@esbuild\\openharmony-arm64'
189 silly reify ]
190 verbose reify failed optional dependency C:\Users\USER\Desktop\PREY-LANG-COFFEE-POS-SYSTEM\frontend\node_modules\@esbuild\openbsd-x64
191 silly reify mark deleted [
191 silly reify   'C:\\Users\\USER\\Desktop\\PREY-LANG-COFFEE-POS-SYSTEM\\frontend\\node_modules\\@esbuild\\openbsd-x64'
191 silly reify ]
192 verbose reify failed optional dependency C:\Users\USER\Desktop\PREY-LANG-COFFEE-POS-SYSTEM\frontend\node_modules\@esbuild\openbsd-arm64
193 silly reify mark deleted [
193 silly reify   'C:\\Users\\USER\\Desktop\\PREY-LANG-COFFEE-POS-SYSTEM\\frontend\\node_modules\\@esbuild\\openbsd-arm64'
193 silly reify ]
194 verbose reify failed optional dependency C:\Users\USER\Desktop\PREY-LANG-COFFEE-POS-SYSTEM\frontend\node_modules\@esbuild\netbsd-x64
195 silly reify mark deleted [
195 silly reify   'C:\\Users\\USER\\Desktop\\PREY-LANG-COFFEE-POS-SYSTEM\\frontend\\node_modules\\@esbuild\\netbsd-x64'
195 silly reify ]
196 verbose reify failed optional dependency C:\Users\USER\Desktop\PREY-LANG-COFFEE-POS-SYSTEM\frontend\node_modules\@esbuild\netbsd-arm64
197 silly reify mark deleted [
197 silly reify   'C:\\Users\\USER\\Desktop\\PREY-LANG-COFFEE-POS-SYSTEM\\frontend\\node_modules\\@esbuild\\netbsd-arm64'
197 silly reify ]
198 verbose reify failed optional dependency C:\Users\USER\Desktop\PREY-LANG-COFFEE-POS-SYSTEM\frontend\node_modules\@esbuild\linux-x64
199 silly reify mark deleted [
199 silly reify   'C:\\Users\\USER\\Desktop\\PREY-LANG-COFFEE-POS-SYSTEM\\frontend\\node_modules\\@esbuild\\linux-x64'
199 silly reify ]
200 verbose reify failed optional dependency C:\Users\USER\Desktop\PREY-LANG-COFFEE-POS-SYSTEM\frontend\node_modules\@esbuild\linux-s390x
201 silly reify mark deleted [
201 silly reify   'C:\\Users\\USER\\Desktop\\PREY-LANG-COFFEE-POS-SYSTEM\\frontend\\node_modules\\@esbuild\\linux-s390x'
201 silly reify ]
202 verbose reify failed optional dependency C:\Users\USER\Desktop\PREY-LANG-COFFEE-POS-SYSTEM\frontend\node_modules\@esbuild\linux-riscv64
203 silly reify mark deleted [
203 silly reify   'C:\\Users\\USER\\Desktop\\PREY-LANG-COFFEE-POS-SYSTEM\\frontend\\node_modules\\@esbuild\\linux-riscv64'
203 silly reify ]
204 verbose reify failed optional dependency C:\Users\USER\Desktop\PREY-LANG-COFFEE-POS-SYSTEM\frontend\node_modules\@esbuild\linux-ppc64
205 silly reify mark deleted [
205 silly reify   'C:\\Users\\USER\\Desktop\\PREY-LANG-COFFEE-POS-SYSTEM\\frontend\\node_modules\\@esbuild\\linux-ppc64'
205 silly reify ]
206 verbose reify failed optional dependency C:\Users\USER\Desktop\PREY-LANG-COFFEE-POS-SYSTEM\frontend\node_modules\@esbuild\linux-mips64el
207 silly reify mark deleted [
207 silly reify   'C:\\Users\\USER\\Desktop\\PREY-LANG-COFFEE-POS-SYSTEM\\frontend\\node_modules\\@esbuild\\linux-mips64el'
207 silly reify ]
208 verbose reify failed optional dependency C:\Users\USER\Desktop\PREY-LANG-COFFEE-POS-SYSTEM\frontend\node_modules\@esbuild\linux-loong64
209 silly reify mark deleted [
209 silly reify   'C:\\Users\\USER\\Desktop\\PREY-LANG-COFFEE-POS-SYSTEM\\frontend\\node_modules\\@esbuild\\linux-loong64'
209 silly reify ]
210 verbose reify failed optional dependency C:\Users\USER\Desktop\PREY-LANG-COFFEE-POS-SYSTEM\frontend\node_modules\@esbuild\linux-ia32
211 silly reify mark deleted [
211 silly reify   'C:\\Users\\USER\\Desktop\\PREY-LANG-COFFEE-POS-SYSTEM\\frontend\\node_modules\\@esbuild\\linux-ia32'
211 silly reify ]
212 verbose reify failed optional dependency C:\Users\USER\Desktop\PREY-LANG-COFFEE-POS-SYSTEM\frontend\node_modules\@esbuild\linux-arm64
213 silly reify mark deleted [
213 silly reify   'C:\\Users\\USER\\Desktop\\PREY-LANG-COFFEE-POS-SYSTEM\\frontend\\node_modules\\@esbuild\\linux-arm64'
213 silly reify ]
214 verbose reify failed optional dependency C:\Users\USER\Desktop\PREY-LANG-COFFEE-POS-SYSTEM\frontend\node_modules\@esbuild\linux-arm
215 silly reify mark deleted [
215 silly reify   'C:\\Users\\USER\\Desktop\\PREY-LANG-COFFEE-POS-SYSTEM\\frontend\\node_modules\\@esbuild\\linux-arm'
215 silly reify ]
216 verbose reify failed optional dependency C:\Users\USER\Desktop\PREY-LANG-COFFEE-POS-SYSTEM\frontend\node_modules\@esbuild\freebsd-x64
217 silly reify mark deleted [
217 silly reify   'C:\\Users\\USER\\Desktop\\PREY-LANG-COFFEE-POS-SYSTEM\\frontend\\node_modules\\@esbuild\\freebsd-x64'
217 silly reify ]
218 verbose reify failed optional dependency C:\Users\USER\Desktop\PREY-LANG-COFFEE-POS-SYSTEM\frontend\node_modules\@esbuild\freebsd-arm64
219 silly reify mark deleted [
219 silly reify   'C:\\Users\\USER\\Desktop\\PREY-LANG-COFFEE-POS-SYSTEM\\frontend\\node_modules\\@esbuild\\freebsd-arm64'
219 silly reify ]
220 verbose reify failed optional dependency C:\Users\USER\Desktop\PREY-LANG-COFFEE-POS-SYSTEM\frontend\node_modules\@esbuild\darwin-x64
221 silly reify mark deleted [
221 silly reify   'C:\\Users\\USER\\Desktop\\PREY-LANG-COFFEE-POS-SYSTEM\\frontend\\node_modules\\@esbuild\\darwin-x64'
221 silly reify ]
222 verbose reify failed optional dependency C:\Users\USER\Desktop\PREY-LANG-COFFEE-POS-SYSTEM\frontend\node_modules\@esbuild\darwin-arm64
223 silly reify mark deleted [
223 silly reify   'C:\\Users\\USER\\Desktop\\PREY-LANG-COFFEE-POS-SYSTEM\\frontend\\node_modules\\@esbuild\\darwin-arm64'
223 silly reify ]
224 verbose reify failed optional dependency C:\Users\USER\Desktop\PREY-LANG-COFFEE-POS-SYSTEM\frontend\node_modules\@esbuild\android-x64
225 silly reify mark deleted [
225 silly reify   'C:\\Users\\USER\\Desktop\\PREY-LANG-COFFEE-POS-SYSTEM\\frontend\\node_modules\\@esbuild\\android-x64'
225 silly reify ]
226 verbose reify failed optional dependency C:\Users\USER\Desktop\PREY-LANG-COFFEE-POS-SYSTEM\frontend\node_modules\@esbuild\android-arm64
227 silly reify mark deleted [
227 silly reify   'C:\\Users\\USER\\Desktop\\PREY-LANG-COFFEE-POS-SYSTEM\\frontend\\node_modules\\@esbuild\\android-arm64'
227 silly reify ]
228 verbose reify failed optional dependency C:\Users\USER\Desktop\PREY-LANG-COFFEE-POS-SYSTEM\frontend\node_modules\@esbuild\android-arm
229 silly reify mark deleted [
229 silly reify   'C:\\Users\\USER\\Desktop\\PREY-LANG-COFFEE-POS-SYSTEM\\frontend\\node_modules\\@esbuild\\android-arm'
229 silly reify ]
230 verbose reify failed optional dependency C:\Users\USER\Desktop\PREY-LANG-COFFEE-POS-SYSTEM\frontend\node_modules\@esbuild\aix-ppc64
231 silly reify mark deleted [
231 silly reify   'C:\\Users\\USER\\Desktop\\PREY-LANG-COFFEE-POS-SYSTEM\\frontend\\node_modules\\@esbuild\\aix-ppc64'
231 silly reify ]
232 http cache @types/pako@https://registry.npmjs.org/@types/pako/-/pako-2.0.4.tgz 0ms (cache hit)
233 http cache base64-arraybuffer@https://registry.npmjs.org/base64-arraybuffer/-/base64-arraybuffer-1.0.2.tgz 0ms (cache hit)
234 http cache performance-now@https://registry.npmjs.org/performance-now/-/performance-now-2.1.0.tgz 0ms (cache hit)
235 http cache iobuffer@https://registry.npmjs.org/iobuffer/-/iobuffer-5.4.0.tgz 0ms (cache hit)
236 http cache @types/trusted-types@https://registry.npmjs.org/@types/trusted-types/-/trusted-types-2.0.7.tgz 0ms (cache hit)
237 http cache svg-pathdata@https://registry.npmjs.org/svg-pathdata/-/svg-pathdata-6.0.3.tgz 0ms (cache hit)
238 http cache pako@https://registry.npmjs.org/pako/-/pako-2.1.0.tgz 0ms (cache hit)
239 http cache stackblur-canvas@https://registry.npmjs.org/stackblur-canvas/-/stackblur-canvas-2.7.0.tgz 0ms (cache hit)
240 http cache rgbcolor@https://registry.npmjs.org/rgbcolor/-/rgbcolor-1.0.1.tgz 0ms (cache hit)
241 http cache raf@https://registry.npmjs.org/raf/-/raf-3.4.1.tgz 0ms (cache hit)
242 http cache regenerator-runtime@https://registry.npmjs.org/regenerator-runtime/-/regenerator-runtime-0.13.11.tgz 0ms (cache hit)
243 http cache fast-png@https://registry.npmjs.org/fast-png/-/fast-png-6.4.0.tgz 0ms (cache hit)
244 http cache dompurify@https://registry.npmjs.org/dompurify/-/dompurify-3.3.3.tgz 0ms (cache hit)
245 http cache fflate@https://registry.npmjs.org/fflate/-/fflate-0.8.2.tgz 0ms (cache hit)
246 http cache canvg@https://registry.npmjs.org/canvg/-/canvg-3.0.11.tgz 0ms (cache hit)
247 http cache core-js@https://registry.npmjs.org/core-js/-/core-js-3.49.0.tgz 0ms (cache hit)
248 http cache @types/raf@https://registry.npmjs.org/@types/raf/-/raf-3.4.3.tgz 0ms (cache hit)
249 http cache text-segmentation@https://registry.npmjs.org/text-segmentation/-/text-segmentation-1.0.3.tgz 0ms (cache hit)
250 http cache utrie@https://registry.npmjs.org/utrie/-/utrie-1.0.2.tgz 0ms (cache hit)
251 silly tarball no local data for @types/pako@https://registry.npmjs.org/@types/pako/-/pako-2.0.4.tgz. Extracting by manifest.
252 silly tarball no local data for base64-arraybuffer@https://registry.npmjs.org/base64-arraybuffer/-/base64-arraybuffer-1.0.2.tgz. Extracting by manifest.
253 silly tarball no local data for performance-now@https://registry.npmjs.org/performance-now/-/performance-now-2.1.0.tgz. Extracting by manifest.
254 silly tarball no local data for iobuffer@https://registry.npmjs.org/iobuffer/-/iobuffer-5.4.0.tgz. Extracting by manifest.
255 silly tarball no local data for @types/trusted-types@https://registry.npmjs.org/@types/trusted-types/-/trusted-types-2.0.7.tgz. Extracting by manifest.
256 silly tarball no local data for svg-pathdata@https://registry.npmjs.org/svg-pathdata/-/svg-pathdata-6.0.3.tgz. Extracting by manifest.
257 silly tarball no local data for pako@https://registry.npmjs.org/pako/-/pako-2.1.0.tgz. Extracting by manifest.
258 silly tarball no local data for stackblur-canvas@https://registry.npmjs.org/stackblur-canvas/-/stackblur-canvas-2.7.0.tgz. Extracting by manifest.
259 silly tarball no local data for rgbcolor@https://registry.npmjs.org/rgbcolor/-/rgbcolor-1.0.1.tgz. Extracting by manifest.
260 http cache jspdf@https://registry.npmjs.org/jspdf/-/jspdf-3.0.4.tgz 0ms (cache hit)
261 silly tarball no local data for raf@https://registry.npmjs.org/raf/-/raf-3.4.1.tgz. Extracting by manifest.
262 http cache css-line-break@https://registry.npmjs.org/css-line-break/-/css-line-break-2.1.0.tgz 0ms (cache hit)
263 http cache html2canvas@https://registry.npmjs.org/html2canvas/-/html2canvas-1.4.1.tgz 0ms (cache hit)
264 silly tarball no local data for regenerator-runtime@https://registry.npmjs.org/regenerator-runtime/-/regenerator-runtime-0.13.11.tgz. Extracting by manifest.
265 silly tarball no local data for fast-png@https://registry.npmjs.org/fast-png/-/fast-png-6.4.0.tgz. Extracting by manifest.
266 silly tarball no local data for dompurify@https://registry.npmjs.org/dompurify/-/dompurify-3.3.3.tgz. Extracting by manifest.
267 silly tarball no local data for fflate@https://registry.npmjs.org/fflate/-/fflate-0.8.2.tgz. Extracting by manifest.
268 silly tarball no local data for canvg@https://registry.npmjs.org/canvg/-/canvg-3.0.11.tgz. Extracting by manifest.
269 silly tarball no local data for core-js@https://registry.npmjs.org/core-js/-/core-js-3.49.0.tgz. Extracting by manifest.
270 silly tarball no local data for @types/raf@https://registry.npmjs.org/@types/raf/-/raf-3.4.3.tgz. Extracting by manifest.
271 silly tarball no local data for text-segmentation@https://registry.npmjs.org/text-segmentation/-/text-segmentation-1.0.3.tgz. Extracting by manifest.
272 silly tarball no local data for utrie@https://registry.npmjs.org/utrie/-/utrie-1.0.2.tgz. Extracting by manifest.
273 silly tarball no local data for jspdf@https://registry.npmjs.org/jspdf/-/jspdf-3.0.4.tgz. Extracting by manifest.
274 silly tarball no local data for css-line-break@https://registry.npmjs.org/css-line-break/-/css-line-break-2.1.0.tgz. Extracting by manifest.
275 silly tarball no local data for html2canvas@https://registry.npmjs.org/html2canvas/-/html2canvas-1.4.1.tgz. Extracting by manifest.
276 http fetch GET 200 https://registry.npmjs.org/@types/pako/-/pako-2.0.4.tgz 188ms (cache miss)
277 http fetch GET 200 https://registry.npmjs.org/rgbcolor/-/rgbcolor-1.0.1.tgz 191ms (cache miss)
278 http fetch GET 200 https://registry.npmjs.org/@types/trusted-types/-/trusted-types-2.0.7.tgz 195ms (cache miss)
279 http fetch GET 200 https://registry.npmjs.org/raf/-/raf-3.4.1.tgz 195ms (cache miss)
280 http fetch GET 200 https://registry.npmjs.org/@types/raf/-/raf-3.4.3.tgz 194ms (cache miss)
281 http fetch GET 200 https://registry.npmjs.org/base64-arraybuffer/-/base64-arraybuffer-1.0.2.tgz 250ms (cache miss)
282 http fetch GET 200 https://registry.npmjs.org/regenerator-runtime/-/regenerator-runtime-0.13.11.tgz 280ms (cache miss)
283 http fetch GET 200 https://registry.npmjs.org/performance-now/-/performance-now-2.1.0.tgz 298ms (cache miss)
284 http fetch GET 200 https://registry.npmjs.org/iobuffer/-/iobuffer-5.4.0.tgz 303ms (cache miss)
285 http fetch GET 200 https://registry.npmjs.org/stackblur-canvas/-/stackblur-canvas-2.7.0.tgz 302ms (cache miss)
286 http fetch GET 200 https://registry.npmjs.org/text-segmentation/-/text-segmentation-1.0.3.tgz 348ms (cache miss)
287 http fetch GET 200 https://registry.npmjs.org/utrie/-/utrie-1.0.2.tgz 374ms (cache miss)
288 http fetch GET 200 https://registry.npmjs.org/svg-pathdata/-/svg-pathdata-6.0.3.tgz 395ms (cache miss)
289 http fetch GET 200 https://registry.npmjs.org/css-line-break/-/css-line-break-2.1.0.tgz 422ms (cache miss)
290 http fetch GET 200 https://registry.npmjs.org/dompurify/-/dompurify-3.3.3.tgz 432ms (cache miss)
291 http fetch GET 200 https://registry.npmjs.org/fflate/-/fflate-0.8.2.tgz 501ms (cache miss)
292 http fetch GET 200 https://registry.npmjs.org/pako/-/pako-2.1.0.tgz 587ms (cache miss)
293 http fetch GET 200 https://registry.npmjs.org/fast-png/-/fast-png-6.4.0.tgz 643ms (cache miss)
294 http fetch GET 200 https://registry.npmjs.org/canvg/-/canvg-3.0.11.tgz 874ms (cache miss)
295 http fetch GET 200 https://registry.npmjs.org/jspdf/-/jspdf-3.0.4.tgz 1013ms (cache miss)
296 http fetch GET 200 https://registry.npmjs.org/html2canvas/-/html2canvas-1.4.1.tgz 1357ms (cache miss)
297 http fetch GET 200 https://registry.npmjs.org/core-js/-/core-js-3.49.0.tgz 5059ms (cache miss)
298 info run core-js@3.49.0 postinstall node_modules/core-js node -e "try{require('./postinstall')}catch(e){}"
299 info run core-js@3.49.0 postinstall { code: 0, signal: null }
300 silly ADD node_modules/base64-arraybuffer
301 silly ADD node_modules/performance-now
302 silly ADD node_modules/pako
303 silly ADD node_modules/iobuffer
304 silly ADD node_modules/@types/pako
305 silly ADD node_modules/@types/trusted-types
306 silly ADD node_modules/svg-pathdata
307 silly ADD node_modules/stackblur-canvas
308 silly ADD node_modules/rgbcolor
309 silly ADD node_modules/regenerator-runtime
310 silly ADD node_modules/raf
311 silly ADD node_modules/@types/raf
312 silly ADD node_modules/fflate
313 silly ADD node_modules/fast-png
314 silly ADD node_modules/dompurify
315 silly ADD node_modules/core-js
316 silly ADD node_modules/canvg
317 silly ADD node_modules/utrie
318 silly ADD node_modules/text-segmentation
319 silly ADD node_modules/css-line-break
320 silly ADD node_modules/prey-lang-coffee-pos-system
321 silly ADD node_modules/jspdf
322 silly ADD node_modules/html2canvas
323 silly ADD
324 silly ADD
325 silly ADD
326 silly ADD
327 silly ADD
328 silly ADD
329 silly ADD
330 silly ADD
331 silly ADD
332 silly ADD
333 silly ADD
334 silly ADD
335 silly ADD
336 silly ADD
337 silly ADD
338 silly ADD
339 silly ADD
340 silly ADD
341 silly ADD
342 silly ADD
343 silly ADD
344 silly ADD
345 silly ADD
346 silly ADD
347 silly ADD
348 silly ADD
349 silly ADD
350 silly ADD
351 silly ADD
352 silly ADD
353 silly ADD
354 silly ADD
355 silly ADD
356 silly ADD
357 silly ADD
358 silly ADD
359 silly ADD
360 silly ADD
361 silly ADD
362 silly ADD
363 silly ADD
364 silly ADD
365 silly ADD
366 silly ADD
367 silly ADD
368 silly ADD
369 silly ADD
370 silly ADD
371 silly ADD
372 verbose cwd C:\Users\USER\Desktop\PREY-LANG-COFFEE-POS-SYSTEM
373 verbose os Windows_NT 10.0.26200
374 verbose node v22.20.0
375 verbose npm  v10.9.3
376 verbose exit 0
377 info ok
